<?xml version="1.0" encoding="UTF-8"?>
<testng-results ignored="0" total="2" passed="2" failed="0" skipped="0">
  <reporter-output>
  </reporter-output>
  <suite started-at="2023-02-01T17:38:35 SGT" name="Default suite" finished-at="2023-02-01T17:38:37 SGT" duration-ms="2260">
    <groups>
    </groups>
    <test started-at="2023-02-01T17:38:35 SGT" name="Default test" finished-at="2023-02-01T17:38:37 SGT" duration-ms="2260">
      <class name="test.selenium.NewTest">
        <test-method is-config="true" signature="beforeTest()[pri:0, instance:test.selenium.NewTest@3bf9ce3e]" started-at="2023-02-01T17:38:35 SGT" name="beforeTest" finished-at="2023-02-01T17:38:36 SGT" duration-ms="904" status="PASS">
          <reporter-output>
          </reporter-output>
        </test-method> <!-- beforeTest -->
        <test-method signature="checkId()[pri:0, instance:test.selenium.NewTest@3bf9ce3e]" started-at="2023-02-01T17:38:36 SGT" name="checkId" finished-at="2023-02-01T17:38:37 SGT" duration-ms="655" status="PASS">
          <reporter-output>
          </reporter-output>
        </test-method> <!-- checkId -->
        <test-method signature="checkTitle()[pri:0, instance:test.selenium.NewTest@3bf9ce3e]" started-at="2023-02-01T17:38:37 SGT" name="checkTitle" finished-at="2023-02-01T17:38:37 SGT" duration-ms="561" status="PASS">
          <reporter-output>
          </reporter-output>
        </test-method> <!-- checkTitle -->
        <test-method is-config="true" signature="afterTest()[pri:0, instance:test.selenium.NewTest@3bf9ce3e]" started-at="2023-02-01T17:38:37 SGT" name="afterTest" finished-at="2023-02-01T17:38:37 SGT" duration-ms="121" status="PASS">
          <reporter-output>
          </reporter-output>
        </test-method> <!-- afterTest -->
      </class> <!-- test.selenium.NewTest -->
    </test> <!-- Default test -->
  </suite> <!-- Default suite -->
</testng-results>
